Traceback (most recent call last):
  File "/home/divyansh-rawat/Transactional-and-AML-Detection-System/.venv/lib/python3.14/site-packages/sqlalchemy/engine/base.py", line 1938, in _exec_single_context
    self.dialect.do_executemany(
    ~~~~~~~~~~~~~~~~~~~~~~~~~~~^
        cursor,
        ^^^^^^^
    ...<2 lines>...
        context,
        ^^^^^^^^
    )
    ^
  File "/home/divyansh-rawat/Transactional-and-AML-Detection-System/.venv/lib/python3.14/site-packages/sqlalchemy/engine/default.py", line 949, in do_executemany
    cursor.executemany(statement, parameters)
    ~~~~~~~~~~~~~~~~~~^^^^^^^^^^^^^^^^^^^^^^^
sqlite3.OperationalError: table disputes has no column named evidence_collected

The above exception was the direct cause of the following exception:

Traceback (most recent call last):
  File "<string>", line 36, in <module>
    session.commit()
    ~~~~~~~~~~~~~~^^
  File "/home/divyansh-rawat/Transactional-and-AML-Detection-System/.venv/lib/python3.14/site-packages/sqlalchemy/orm/session.py", line 2034, in commit
    trans.commit(_to_root=True)
    ~~~~~~~~~~~~^^^^^^^^^^^^^^^
  File "<string>", line 2, in commit
  File "/home/divyansh-rawat/Transactional-and-AML-Detection-System/.venv/lib/python3.14/site-packages/sqlalchemy/orm/state_changes.py", line 137, in _go
    ret_value = fn(self, *arg, **kw)
  File "/home/divyansh-rawat/Transactional-and-AML-Detection-System/.venv/lib/python3.14/site-packages/sqlalchemy/orm/session.py", line 1315, in commit
    self._prepare_impl()
    ~~~~~~~~~~~~~~~~~~^^
  File "<string>", line 2, in _prepare_impl
  File "/home/divyansh-rawat/Transactional-and-AML-Detection-System/.venv/lib/python3.14/site-packages/sqlalchemy/orm/state_changes.py", line 137, in _go
    ret_value = fn(self, *arg, **kw)
  File "/home/divyansh-rawat/Transactional-and-AML-Detection-System/.venv/lib/python3.14/site-packages/sqlalchemy/orm/session.py", line 1290, in _prepare_impl
    self.session.flush()
    ~~~~~~~~~~~~~~~~~~^^
  File "/home/divyansh-rawat/Transactional-and-AML-Detection-System/.venv/lib/python3.14/site-packages/sqlalchemy/orm/session.py", line 4352, in flush
    self._flush(objects)
    ~~~~~~~~~~~^^^^^^^^^
  File "/home/divyansh-rawat/Transactional-and-AML-Detection-System/.venv/lib/python3.14/site-packages/sqlalchemy/orm/session.py", line 4487, in _flush
    with util.safe_reraise():
         ~~~~~~~~~~~~~~~~~^^
  File "/home/divyansh-rawat/Transactional-and-AML-Detection-System/.venv/lib/python3.14/site-packages/sqlalchemy/util/langhelpers.py", line 122, in __exit__
    raise exc_value.with_traceback(exc_tb)
  File "/home/divyansh-rawat/Transactional-and-AML-Detection-System/.venv/lib/python3.14/site-packages/sqlalchemy/orm/session.py", line 4448, in _flush
    flush_context.execute()
    ~~~~~~~~~~~~~~~~~~~~~^^
  File "/home/divyansh-rawat/Transactional-and-AML-Detection-System/.venv/lib/python3.14/site-packages/sqlalchemy/orm/unitofwork.py", line 465, in execute
    rec.execute(self)
    ~~~~~~~~~~~^^^^^^
  File "/home/divyansh-rawat/Transactional-and-AML-Detection-System/.venv/lib/python3.14/site-packages/sqlalchemy/orm/unitofwork.py", line 641, in execute
    util.preloaded.orm_persistence.save_obj(
    ~~~~~~~~~~~~~~~~~~~~~~~~~~~~~~~~~~~~~~~^
        self.mapper,
        ^^^^^^^^^^^^
        uow.states_for_mapper_hierarchy(self.mapper, False, False),
        ^^^^^^^^^^^^^^^^^^^^^^^^^^^^^^^^^^^^^^^^^^^^^^^^^^^^^^^^^^^
        uow,
        ^^^^
    )
    ^
  File "/home/divyansh-rawat/Transactional-and-AML-Detection-System/.venv/lib/python3.14/site-packages/sqlalchemy/orm/persistence.py", line 94, in save_obj
    _emit_insert_statements(
    ~~~~~~~~~~~~~~~~~~~~~~~^
        base_mapper,
        ^^^^^^^^^^^^
    ...<3 lines>...
        insert,
        ^^^^^^^
    )
    ^
  File "/home/divyansh-rawat/Transactional-and-AML-Detection-System/.venv/lib/python3.14/site-packages/sqlalchemy/orm/persistence.py", line 1049, in _emit_insert_statements
    result = connection.execute(
        statement, multiparams, execution_options=execution_options
    )
  File "/home/divyansh-rawat/Transactional-and-AML-Detection-System/.venv/lib/python3.14/site-packages/sqlalchemy/engine/base.py", line 1421, in execute
    return meth(
        self,
        distilled_parameters,
        execution_options or NO_OPTIONS,
    )
  File "/home/divyansh-rawat/Transactional-and-AML-Detection-System/.venv/lib/python3.14/site-packages/sqlalchemy/sql/elements.py", line 526, in _execute_on_connection
    return connection._execute_clauseelement(
           ~~~~~~~~~~~~~~~~~~~~~~~~~~~~~~~~~^
        self, distilled_params, execution_options
        ^^^^^^^^^^^^^^^^^^^^^^^^^^^^^^^^^^^^^^^^^
    )
    ^
  File "/home/divyansh-rawat/Transactional-and-AML-Detection-System/.venv/lib/python3.14/site-packages/sqlalchemy/engine/base.py", line 1643, in _execute_clauseelement
    ret = self._execute_context(
        dialect,
    ...<8 lines>...
        cache_hit=cache_hit,
    )
  File "/home/divyansh-rawat/Transactional-and-AML-Detection-System/.venv/lib/python3.14/site-packages/sqlalchemy/engine/base.py", line 1848, in _execute_context
    return self._exec_single_context(
           ~~~~~~~~~~~~~~~~~~~~~~~~~^
        dialect, context, statement, parameters
        ^^^^^^^^^^^^^^^^^^^^^^^^^^^^^^^^^^^^^^^
    )
    ^
  File "/home/divyansh-rawat/Transactional-and-AML-Detection-System/.venv/lib/python3.14/site-packages/sqlalchemy/engine/base.py", line 1988, in _exec_single_context
    self._handle_dbapi_exception(
    ~~~~~~~~~~~~~~~~~~~~~~~~~~~~^
        e, str_statement, effective_parameters, cursor, context
        ^^^^^^^^^^^^^^^^^^^^^^^^^^^^^^^^^^^^^^^^^^^^^^^^^^^^^^^
    )
    ^
  File "/home/divyansh-rawat/Transactional-and-AML-Detection-System/.venv/lib/python3.14/site-packages/sqlalchemy/engine/base.py", line 2365, in _handle_dbapi_exception
    raise sqlalchemy_exception.with_traceback(exc_info[2]) from e
  File "/home/divyansh-rawat/Transactional-and-AML-Detection-System/.venv/lib/python3.14/site-packages/sqlalchemy/engine/base.py", line 1938, in _exec_single_context
    self.dialect.do_executemany(
    ~~~~~~~~~~~~~~~~~~~~~~~~~~~^
        cursor,
        ^^^^^^^
    ...<2 lines>...
        context,
        ^^^^^^^^
    )
    ^
  File "/home/divyansh-rawat/Transactional-and-AML-Detection-System/.venv/lib/python3.14/site-packages/sqlalchemy/engine/default.py", line 949, in do_executemany
    cursor.executemany(statement, parameters)
    ~~~~~~~~~~~~~~~~~~^^^^^^^^^^^^^^^^^^^^^^^
sqlalchemy.exc.OperationalError: (sqlite3.OperationalError) table disputes has no column named evidence_collected
[SQL: INSERT INTO disputes (dispute_id, transaction_id, reason_code, amount, currency, status, created_at, deadline, evidence_collected, rebuttal_draft) VALUES (?, ?, ?, ?, ?, ?, ?, ?, ?, ?)]
[parameters: [('0d1b901b-66b2-44f4-afd4-bb49c63cbe57', '5b9a289a-b58d-fc59-ebe0-c8c1ae38cf46', '10.4', 18.9, 'USD', 'lost', '2026-06-09 20:19:27.876891', '2026-06-15 20:19:27.876901', 0, None), ('d7551690-369e-4ca2-ba0d-ad0e642e3a60', '941121bb-ab00-4e65-44e4-b56c366c5ff8', '13.1', 64.23, 'CAD', 'lost', '2026-06-09 20:19:27.877005', '2026-06-15 20:19:27.877008', 0, None), ('40170370-67d1-46e0-9188-f054c5dcde05', '9d30b0f7-f6a9-7c38-13f7-4636c7be5406', '13.1', 293.03, 'INR', 'open', '2026-06-09 20:19:27.877054', '2026-06-17 20:19:27.877055', 0, None), ('46f14112-5884-4710-9119-8370065d37ac', 'bfaeca43-cd96-0781-d338-782eb03dfb38', '13.1', 26.21, 'AUD', 'lost', '2026-06-09 20:19:27.877087', '2026-06-17 20:19:27.877088', 0, None), ('69d509eb-abca-4d13-b27b-7d686754947c', 'd7b30cb4-bcf7-1f08-c225-15fe6f64ca2b', '13.1', 7.33, 'USD', 'won', '2026-06-09 20:19:27.877114', '2026-06-16 20:19:27.877115', 0, None), ('05ace45c-2d10-4152-8181-3dd81dfb1601', '5be2124f-fdd9-9681-ef5e-eca58909b003', '4837', 2441.43, 'INR', 'open', '2026-06-09 20:19:27.877141', '2026-06-19 20:19:27.877142', 0, None), ('29f9b26b-0042-499f-97ae-3e54e8ec86c3', '883186f5-c216-52fd-3d2e-4c70def7a68a', '13.1', 20.93, 'USD', 'won', '2026-06-09 20:19:27.877182', '2026-06-23 20:19:27.877183', 0, None), ('0b4b03e6-1337-4b9e-a5fb-41a40f4db3b5', 'adbef178-04af-167d-12bc-3f83b2b91e4d', '13.1', 3.68, 'USD', 'lost', '2026-06-09 20:19:27.877204', '2026-06-19 20:19:27.877205', 0, None)  ... displaying 10 of 50 total bound parameter sets ...  ('f17602d8-7995-4391-8cdb-326d81084903', 'b2b11b81-a438-0f8a-8ffd-43cff1668e89', '10.4', 11.99, 'USD', 'won', '2026-06-09 20:19:27.878122', '2026-06-24 20:19:27.878124', 0, None), ('d78cc344-39e7-483d-ab30-98da2c3d09e5', '80768a77-b25a-2225-885f-40aa666ef491', '4837', 32.71, 'GBP', 'won', '2026-06-09 20:19:27.878163', '2026-06-17 20:19:27.878164', 0, None)]]
(Background on this error at: https://sqlalche.me/e/20/e3q8)
